<?xml version="1.0" encoding="UTF-8"?>
<Site BuildName="(empty)"
	BuildStamp="20240717-1730-Experimental"
	Name="MSI"
	Generator="ctest-3.16.3"
	CompilerName="/usr/bin/c++"
	CompilerVersion="9.4.0"
	OSName="Linux"
	Hostname="MSI"
	OSRelease="5.15.133.1-microsoft-standard-WSL2"
	OSVersion="#1 SMP Thu Oct 5 21:02:42 UTC 2023"
	OSPlatform="x86_64"
	Is64Bits="1"
	VendorString="GenuineIntel"
	VendorID="Intel Corporation"
	FamilyID="6"
	ModelID="165"
	ProcessorCacheSize="12288"
	NumberOfLogicalCPU="12"
	NumberOfPhysicalCPU="6"
	TotalVirtualMemory="4096"
	TotalPhysicalMemory="15907"
	LogicalProcessorsPerPhysical="2"
	ProcessorClockFrequency="2592.01"
	>
	<Testing>
		<StartDateTime>Jul 17 18:30 BST</StartDateTime>
		<StartTestTime>1721237425</StartTestTime>
		<TestList/>
		<EndDateTime>Jul 17 18:30 BST</EndDateTime>
		<EndTestTime>1721237425</EndTestTime>
		<ElapsedMinutes>0</ElapsedMinutes>
	</Testing>
</Site>
